<?xml version="1.0" encoding="UTF-8"?>
<testsuite name="Manage.Select_ModeTest" tests="2" skipped="0" failures="0" errors="0" timestamp="2019-05-27T06:45:28" hostname="DESKTOP-74BPHUH" time="0.002">
  <properties/>
  <testcase name="run" classname="Manage.Select_ModeTest" time="0.002"/>
  <testcase name="checkMode" classname="Manage.Select_ModeTest" time="0.0"/>
  <system-out><![CDATA[]]></system-out>
  <system-err><![CDATA[]]></system-err>
</testsuite>
