<?xml version="1.0" encoding="UTF-8"?>
<testsuite name="Function.DiceTest" tests="4" skipped="0" failures="0" errors="0" timestamp="2019-05-27T06:45:28" hostname="DESKTOP-74BPHUH" time="0.021">
  <properties/>
  <testcase name="getDis" classname="Function.DiceTest" time="0.009"/>
  <testcase name="rollDice" classname="Function.DiceTest" time="0.003"/>
  <testcase name="testchangeDiceNum" classname="Function.DiceTest" time="0.006"/>
  <testcase name="setDice" classname="Function.DiceTest" time="0.0"/>
  <system-out><![CDATA[]]></system-out>
  <system-err><![CDATA[]]></system-err>
</testsuite>
