<?xml version="1.0" encoding="UTF-8"?>
<testsuite name="Function.TimeTest" tests="1" skipped="0" failures="0" errors="0" timestamp="2019-05-27T06:45:28" hostname="DESKTOP-74BPHUH" time="0.001">
  <properties/>
  <testcase name="getSystemClock" classname="Function.TimeTest" time="0.001"/>
  <system-out><![CDATA[]]></system-out>
  <system-err><![CDATA[]]></system-err>
</testsuite>
