<?xml version="1.0" encoding="UTF-8"?>
<testsuite name="System_Support.Random_Number_GeneratorTest" tests="1" skipped="0" failures="0" errors="0" timestamp="2019-05-27T06:45:28" hostname="DESKTOP-74BPHUH" time="0.0">
  <properties/>
  <testcase name="getRandom" classname="System_Support.Random_Number_GeneratorTest" time="0.0"/>
  <system-out><![CDATA[]]></system-out>
  <system-err><![CDATA[]]></system-err>
</testsuite>
