<?xml version="1.0" encoding="UTF-8"?>
<testsuite name="GUI.GUITest" tests="1" skipped="0" failures="0" errors="0" timestamp="2019-05-27T06:45:28" hostname="DESKTOP-74BPHUH" time="0.424">
  <properties/>
  <testcase name="GUI_btn" classname="GUI.GUITest" time="0.424"/>
  <system-out><![CDATA[]]></system-out>
  <system-err><![CDATA[]]></system-err>
</testsuite>
